
   FAIL  Tests\Unit\ClientTest
  âœ“ client belongs to user                                               0.13s  
  âœ“ client has many measurements                                         0.01s  
  âœ“ client has latest measurement                                        0.01s  
  â¨¯ client has many orders                                               0.01s  
  âœ“ client has many appointments                                         0.01s  
  â¨¯ client has many invoices                                             0.01s  
  â¨¯ client has many payments                                             0.01s  
  â¨¯ client has many messages                                             0.01s  

   PASS  Tests\Unit\ExampleTest
  âœ“ that true is true

   FAIL  Tests\Unit\TaskTest
  â¨¯ task belongs to user                                                 0.01s  
  â¨¯ task belongs to team member                                          0.01s  
  â¨¯ task belongs to order                                                0.01s  
  â¨¯ task scope status                                                    0.01s  
  â¨¯ task scope priority                                                  0.01s  
  â¨¯ task scope overdue                                                   0.01s  
  â¨¯ task is overdue method                                               0.01s  
  â¨¯ task complete method

   FAIL  Tests\Feature\AppointmentTest
  âœ“ appointments page is displayed                                       0.05s  
  â¨¯ appointments can be created                                          0.29s  
  â¨¯ appointment can be updated                                           0.01s  
  âœ“ appointment validation works                                         0.01s  
  â¨¯ appointment can be linked to client                                  0.01s  
  â¨¯ user cannot edit others appointments                                 0.03s  
  âœ“ past appointments are marked as completed                            0.02s  

   PASS  Tests\Feature\Auth\AuthenticationTest
  âœ“ login screen can be rendered                                         0.01s  
  âœ“ users can authenticate using the login screen                        0.02s  
  âœ“ users can not authenticate with invalid password                     0.22s  
  âœ“ users can logout                                                     0.01s  

   PASS  Tests\Feature\Auth\EmailVerificationTest
  âœ“ email verification screen can be rendered                            0.01s  
  âœ“ email can be verified                                                0.01s  
  âœ“ email is not verified with invalid hash                              0.01s  

   PASS  Tests\Feature\Auth\PasswordConfirmationTest
  âœ“ confirm password screen can be rendered                              0.01s  
  âœ“ password can be confirmed                                            0.01s  
  âœ“ password is not confirmed with invalid password                      0.21s  

   PASS  Tests\Feature\Auth\PasswordResetTest
  âœ“ reset password link screen can be rendered                           0.01s  
  âœ“ reset password link can be requested                                 0.23s  
  âœ“ reset password screen can be rendered                                0.24s  
  âœ“ password can be reset with valid token                               0.24s  

   PASS  Tests\Feature\Auth\RegistrationTest
  âœ“ registration screen can be rendered                                  0.01s  
  âœ“ new users can register                                               0.02s  

   PASS  Tests\Feature\ClientTest
  âœ“ clients page is displayed                                            0.02s  
  âœ“ clients can be created                                               0.01s  
  âœ“ client details can be viewed                                         0.02s  
  âœ“ client can be updated                                                0.02s  
  âœ“ client validation works                                              0.01s  
  âœ“ user cannot view others clients                                      0.01s  

   PASS  Tests\Feature\DashboardTest
  âœ“ guests are redirected to the login page                              0.01s  
  âœ“ authenticated users can visit the dashboard                          0.02s  

   PASS  Tests\Feature\ExampleTest
  âœ“ returns a successful response                                        0.01s  

   FAIL  Tests\Feature\ExpenseTest
  âœ“ expenses page is displayed                                           0.02s  
  â¨¯ expenses can be created                                              0.01s  
  â¨¯ expense can be updated                                               0.01s  
  âœ“ expense validation works                                             0.01s  
  â¨¯ expense categories are valid                                         0.05s  
  â¨¯ user cannot edit others expenses                                     0.10s  

   FAIL  Tests\Feature\PaymentTest
  âœ“ payments page is displayed                                           0.02s  
  â¨¯ payments can be created                                              0.01s  
  âœ“ payment validation works                                             0.01s  
  â¨¯ payment can be linked to client                                      0.01s  
  â¨¯ payment can be linked to invoice                                     0.01s  
  â¨¯ payment methods are valid                                            0.01s  
  â¨¯ payment statuses are valid                                           0.01s  

   PASS  Tests\Feature\Settings\PasswordUpdateTest
  âœ“ password can be updated                                              0.02s  
  âœ“ correct password must be provided to update password                 0.02s  

   PASS  Tests\Feature\Settings\ProfileUpdateTest
  âœ“ profile page is displayed                                            0.02s  
  âœ“ profile information can be updated                                   0.02s  
  âœ“ email verification status is unchanged when email address is unchanâ€¦ 0.02s  
  âœ“ user can delete their account                                        0.01s  
  âœ“ correct password must be provided to delete account                  0.01s  

   FAIL  Tests\Feature\TaskTest
  âœ“ tasks page is displayed                                              0.02s  
  â¨¯ tasks can be created                                                 0.01s  
  â¨¯ task can be updated                                                  0.01s  
  âœ“ task validation works                                                0.01s  
  â¨¯ task can be assigned to team member                                  0.01s  
  â¨¯ task can be linked to order
  â¨¯ user cannot edit others tasks                                        0.01s  

   FAIL  Tests\Feature\TeamTest
  âœ“ team page is displayed                                               0.02s  
  â¨¯ team members can be created                                          0.02s  
  âœ“ team member details can be viewed                                    0.02s  
  âœ“ team member can be updated                                           0.01s  
  âœ“ team member validation works                                         0.01s  
  âœ“ team member roles are valid                                          0.04s  
  âœ“ password can be updated                                              0.01s  
  â¨¯ non admin cannot create admin users                                  0.01s  
  â”€â”€â”€â”€â”€â”€â”€â”€â”€â”€â”€â”€â”€â”€â”€â”€â”€â”€â”€â”€â”€â”€â”€â”€â”€â”€â”€â”€â”€â”€â”€â”€â”€â”€â”€â”€â”€â”€â”€â”€â”€â”€â”€â”€â”€â”€â”€â”€â”€â”€â”€â”€â”€â”€â”€â”€â”€â”€â”€â”€â”€â”€â”€â”€â”€â”€â”€â”€â”€â”€â”€â”€â”€â”€â”€â”€  
   FAILED  Tests\Unit\ClientTest > client has many orders      QueryException   
  SQLSTATE[23000]: Integrity constraint violation: 19 NOT NULL constraint failed: orders.cost (Connection: sqlite, SQL: insert into "orders" ("user_id", "client_id", "order_number", "status", "total_amount", "due_date", "notes", "created_at", "updated_at") values (2, 1, ORD-94354, cancelled, 4208.66, 2025-07-04 08:36:21, Dolor et accusantium qui nam. Ipsa ipsum sapiente sit dicta et omnis optio repudiandae. Eum ab ut eaque consequatur., 2025-05-18 01:13:49, 2025-05-28 10:02:26))

  at vendor/laravel/framework/src/Illuminate/Database/Connection.php:822
    818â–•                     $this->getName(), $query, $this->prepareBindings($bindings), $e
    819â–•                 );
    820â–•             }
    821â–• 
  âžœ 822â–•             throw new QueryException(
    823â–•                 $this->getName(), $query, $this->prepareBindings($bindings), $e
    824â–•             );
    825â–•         }
    826â–•     }

      [2m+18 vendor frames [22m
  19  tests/Unit/ClientTest.php:58

  â”€â”€â”€â”€â”€â”€â”€â”€â”€â”€â”€â”€â”€â”€â”€â”€â”€â”€â”€â”€â”€â”€â”€â”€â”€â”€â”€â”€â”€â”€â”€â”€â”€â”€â”€â”€â”€â”€â”€â”€â”€â”€â”€â”€â”€â”€â”€â”€â”€â”€â”€â”€â”€â”€â”€â”€â”€â”€â”€â”€â”€â”€â”€â”€â”€â”€â”€â”€â”€â”€â”€â”€â”€â”€â”€â”€  
   FAILED  Tests\Unit\ClientTest > client has many invoices    QueryException   
  SQLSTATE[23000]: Integrity constraint violation: 19 NOT NULL constraint failed: orders.cost (Connection: sqlite, SQL: insert into "orders" ("user_id", "client_id", "order_number", "status", "total_amount", "due_date", "notes", "created_at", "updated_at") values (3, 2, ORD-99171, completed, 800.89, 2025-06-27 00:05:42, Cupiditate libero et sit quisquam voluptatem. Dolor debitis natus totam ex iusto qui quo. Tempore quae architecto hic ullam ratione., 2025-05-26 16:56:51, 2025-06-09 18:25:09))

  at vendor/laravel/framework/src/Illuminate/Database/Connection.php:822
    818â–•                     $this->getName(), $query, $this->prepareBindings($bindings), $e
    819â–•                 );
    820â–•             }
    821â–• 
  âžœ 822â–•             throw new QueryException(
    823â–•                 $this->getName(), $query, $this->prepareBindings($bindings), $e
    824â–•             );
    825â–•         }
    826â–•     }

      [2m+28 vendor frames [22m
  29  tests/Unit/ClientTest.php:78

  â”€â”€â”€â”€â”€â”€â”€â”€â”€â”€â”€â”€â”€â”€â”€â”€â”€â”€â”€â”€â”€â”€â”€â”€â”€â”€â”€â”€â”€â”€â”€â”€â”€â”€â”€â”€â”€â”€â”€â”€â”€â”€â”€â”€â”€â”€â”€â”€â”€â”€â”€â”€â”€â”€â”€â”€â”€â”€â”€â”€â”€â”€â”€â”€â”€â”€â”€â”€â”€â”€â”€â”€â”€â”€â”€â”€  
   FAILED  Tests\Unit\ClientTest > client has many payments    QueryException   
  SQLSTATE[23000]: Integrity constraint violation: 19 NOT NULL constraint failed: orders.cost (Connection: sqlite, SQL: insert into "orders" ("user_id", "client_id", "order_number", "status", "total_amount", "due_date", "notes", "created_at", "updated_at") values (5, 3, ORD-17912, completed, 4663.64, 2025-06-30 19:44:05, Iure dignissimos incidunt ducimus et sed. Fugit ea aspernatur adipisci. Quo in beatae laboriosam laboriosam ut eius esse., 2025-05-17 22:23:37, 2025-06-14 08:24:05))

  at vendor/laravel/framework/src/Illuminate/Database/Connection.php:822
    818â–•                     $this->getName(), $query, $this->prepareBindings($bindings), $e
    819â–•                 );
    820â–•             }
    821â–• 
  âžœ 822â–•             throw new QueryException(
    823â–•                 $this->getName(), $query, $this->prepareBindings($bindings), $e
    824â–•             );
    825â–•         }
    826â–•     }

      [2m+38 vendor frames [22m
  39  tests/Unit/ClientTest.php:88

  â”€â”€â”€â”€â”€â”€â”€â”€â”€â”€â”€â”€â”€â”€â”€â”€â”€â”€â”€â”€â”€â”€â”€â”€â”€â”€â”€â”€â”€â”€â”€â”€â”€â”€â”€â”€â”€â”€â”€â”€â”€â”€â”€â”€â”€â”€â”€â”€â”€â”€â”€â”€â”€â”€â”€â”€â”€â”€â”€â”€â”€â”€â”€â”€â”€â”€â”€â”€â”€â”€â”€â”€â”€â”€â”€â”€  
   FAILED  Tests\Unit\ClientTest > client has many messages    QueryException   
  SQLSTATE[23000]: Integrity constraint violation: 19 CHECK constraint failed: message_type (Connection: sqlite, SQL: insert into "messages" ("user_id", "client_id", "subject", "body", "is_read", "direction", "message_type", "created_at", "updated_at") values (2, 1, Porro nulla cupiditate eos autem ducimus., Dicta praesentium qui mollitia et nulla. Laudantium qui et quis doloribus. Iste repellendus quidem sunt voluptatem unde saepe sint. Quis ullam ad fugit nam ullam id. Ducimus provident excepturi accusantium.

In quia hic est veritatis. Ex veritatis temporibus consequatur quisquam ut. Est deleniti sed reiciendis cumque asperiores labore laudantium. Consequatur cumque aut id.

Laboriosam quia labore omnis accusantium ipsum. Dolore consequatur ratione tempora. Eaque et voluptatem et quisquam qui non qui omnis. Ipsa accusantium molestiae neque atque quia., 1, incoming, system, 2025-06-14 06:00:12, 2025-06-16 04:25:55))

  at vendor/laravel/framework/src/Illuminate/Database/Connection.php:822
    818â–•                     $this->getName(), $query, $this->prepareBindings($bindings), $e
    819â–•                 );
    820â–•             }
    821â–• 
  âžœ 822â–•             throw new QueryException(
    823â–•                 $this->getName(), $query, $this->prepareBindings($bindings), $e
    824â–•             );
    825â–•         }
    826â–•     }

      [2m+18 vendor frames [22m
  19  tests/Unit/ClientTest.php:98

  â”€â”€â”€â”€â”€â”€â”€â”€â”€â”€â”€â”€â”€â”€â”€â”€â”€â”€â”€â”€â”€â”€â”€â”€â”€â”€â”€â”€â”€â”€â”€â”€â”€â”€â”€â”€â”€â”€â”€â”€â”€â”€â”€â”€â”€â”€â”€â”€â”€â”€â”€â”€â”€â”€â”€â”€â”€â”€â”€â”€â”€â”€â”€â”€â”€â”€â”€â”€â”€â”€â”€â”€â”€â”€â”€â”€  
   FAILED  Tests\Unit\TaskTest > task belongs to user          QueryException   
  SQLSTATE[23000]: Integrity constraint violation: 19 NOT NULL constraint failed: tasks.team_member_id (Connection: sqlite, SQL: insert into "tasks" ("user_id", "title", "description", "due_date", "priority", "status", "assigned_to", "order_id", "notes", "created_at", "updated_at") values (1, Porro sed sed maxime rem tempora., Magnam harum et dolores quo. Eveniet adipisci sequi omnis repudiandae., 2025-06-21 13:32:23, low, pending, 2, ?, Aperiam eos dolorem ipsam nihil sit. Eaque similique sunt est quod. Autem sit modi quos qui quia fuga aut. Aut ullam ea aut deleniti eum repellendus eos omnis., 2025-06-15 12:48:53, 2025-06-15 16:01:21))

  at vendor/laravel/framework/src/Illuminate/Database/Connection.php:822
    818â–•                     $this->getName(), $query, $this->prepareBindings($bindings), $e
    819â–•                 );
    820â–•             }
    821â–• 
  âžœ 822â–•             throw new QueryException(
    823â–•                 $this->getName(), $query, $this->prepareBindings($bindings), $e
    824â–•             );
    825â–•         }
    826â–•     }

      [2m+18 vendor frames [22m
  19  tests/Unit/TaskTest.php:18

  â”€â”€â”€â”€â”€â”€â”€â”€â”€â”€â”€â”€â”€â”€â”€â”€â”€â”€â”€â”€â”€â”€â”€â”€â”€â”€â”€â”€â”€â”€â”€â”€â”€â”€â”€â”€â”€â”€â”€â”€â”€â”€â”€â”€â”€â”€â”€â”€â”€â”€â”€â”€â”€â”€â”€â”€â”€â”€â”€â”€â”€â”€â”€â”€â”€â”€â”€â”€â”€â”€â”€â”€â”€â”€â”€â”€  
   FAILED  Tests\Unit\TaskTest > task belongs to team member   QueryException   
  SQLSTATE[23000]: Integrity constraint violation: 19 NOT NULL constraint failed: orders.cost (Connection: sqlite, SQL: insert into "orders" ("user_id", "client_id", "order_number", "status", "total_amount", "due_date", "notes", "created_at", "updated_at") values (3, 1, ORD-77606, cancelled, 4410.29, 2025-06-22 19:55:21, Ut quam voluptatem facilis ut aut eum quia. Fuga qui quo ea. Velit eos quo placeat est eum nulla deserunt incidunt. Ducimus nisi adipisci quidem nam. Perspiciatis ipsum et quis ad., 2025-05-27 10:50:32, 2025-06-01 11:16:33))

  at vendor/laravel/framework/src/Illuminate/Database/Connection.php:822
    818â–•                     $this->getName(), $query, $this->prepareBindings($bindings), $e
    819â–•                 );
    820â–•             }
    821â–• 
  âžœ 822â–•             throw new QueryException(
    823â–•                 $this->getName(), $query, $this->prepareBindings($bindings), $e
    824â–•             );
    825â–•         }
    826â–•     }

      [2m+28 vendor frames [22m
  29  tests/Unit/TaskTest.php:28

  â”€â”€â”€â”€â”€â”€â”€â”€â”€â”€â”€â”€â”€â”€â”€â”€â”€â”€â”€â”€â”€â”€â”€â”€â”€â”€â”€â”€â”€â”€â”€â”€â”€â”€â”€â”€â”€â”€â”€â”€â”€â”€â”€â”€â”€â”€â”€â”€â”€â”€â”€â”€â”€â”€â”€â”€â”€â”€â”€â”€â”€â”€â”€â”€â”€â”€â”€â”€â”€â”€â”€â”€â”€â”€â”€â”€  
   FAILED  Tests\Unit\TaskTest > task belongs to order         QueryException   
  SQLSTATE[23000]: Integrity constraint violation: 19 NOT NULL constraint failed: orders.cost (Connection: sqlite, SQL: insert into "orders" ("user_id", "client_id", "order_number", "status", "total_amount", "due_date", "notes", "created_at", "updated_at") values (1, 1, ORD-10140, cancelled, 1265.36, 2025-06-19 09:58:13, Harum eos et fugiat ducimus tempore et in eaque. Ullam enim aperiam non aut iste. Asperiores magnam officiis et aut quis qui. Accusantium cumque repudiandae et repellat dolorum reiciendis., 2025-06-06 09:46:07, 2025-06-08 14:48:00))

  at vendor/laravel/framework/src/Illuminate/Database/Connection.php:822
    818â–•                     $this->getName(), $query, $this->prepareBindings($bindings), $e
    819â–•                 );
    820â–•             }
    821â–• 
  âžœ 822â–•             throw new QueryException(
    823â–•                 $this->getName(), $query, $this->prepareBindings($bindings), $e
    824â–•             );
    825â–•         }
    826â–•     }

      [2m+18 vendor frames [22m
  19  tests/Unit/TaskTest.php:40

  â”€â”€â”€â”€â”€â”€â”€â”€â”€â”€â”€â”€â”€â”€â”€â”€â”€â”€â”€â”€â”€â”€â”€â”€â”€â”€â”€â”€â”€â”€â”€â”€â”€â”€â”€â”€â”€â”€â”€â”€â”€â”€â”€â”€â”€â”€â”€â”€â”€â”€â”€â”€â”€â”€â”€â”€â”€â”€â”€â”€â”€â”€â”€â”€â”€â”€â”€â”€â”€â”€â”€â”€â”€â”€â”€â”€  
   FAILED  Tests\Unit\TaskTest > task scope status             QueryException   
  SQLSTATE[23000]: Integrity constraint violation: 19 NOT NULL constraint failed: orders.cost (Connection: sqlite, SQL: insert into "orders" ("user_id", "client_id", "order_number", "status", "total_amount", "due_date", "notes", "created_at", "updated_at") values (2, 1, ORD-68903, in_progress, 1305.36, 2025-06-24 11:09:46, Saepe fugiat ipsum qui doloribus mollitia. Culpa repellendus beatae illo. Non et aut dolorem occaecati qui soluta., 2025-05-17 20:12:42, 2025-05-18 19:48:54))

  at vendor/laravel/framework/src/Illuminate/Database/Connection.php:822
    818â–•                     $this->getName(), $query, $this->prepareBindings($bindings), $e
    819â–•                 );
    820â–•             }
    821â–• 
  âžœ 822â–•             throw new QueryException(
    823â–•                 $this->getName(), $query, $this->prepareBindings($bindings), $e
    824â–•             );
    825â–•         }
    826â–•     }

      [2m+28 vendor frames [22m
  29  tests/Unit/TaskTest.php:53

  â”€â”€â”€â”€â”€â”€â”€â”€â”€â”€â”€â”€â”€â”€â”€â”€â”€â”€â”€â”€â”€â”€â”€â”€â”€â”€â”€â”€â”€â”€â”€â”€â”€â”€â”€â”€â”€â”€â”€â”€â”€â”€â”€â”€â”€â”€â”€â”€â”€â”€â”€â”€â”€â”€â”€â”€â”€â”€â”€â”€â”€â”€â”€â”€â”€â”€â”€â”€â”€â”€â”€â”€â”€â”€â”€â”€  
   FAILED  Tests\Unit\TaskTest > task scope priority           QueryException   
  SQLSTATE[23000]: Integrity constraint violation: 19 NOT NULL constraint failed: orders.cost (Connection: sqlite, SQL: insert into "orders" ("user_id", "client_id", "order_number", "status", "total_amount", "due_date", "notes", "created_at", "updated_at") values (3, 1, ORD-96889, in_progress, 934.47, 2025-07-05 05:15:04, Atque quibusdam consequatur commodi omnis. Voluptatem culpa ut rerum. Aut vel omnis sunt minus harum., 2025-06-15 07:29:32, 2025-06-15 19:54:12))

  at vendor/laravel/framework/src/Illuminate/Database/Connection.php:822
    818â–•                     $this->getName(), $query, $this->prepareBindings($bindings), $e
    819â–•                 );
    820â–•             }
    821â–• 
  âžœ 822â–•             throw new QueryException(
    823â–•                 $this->getName(), $query, $this->prepareBindings($bindings), $e
    824â–•             );
    825â–•         }
    826â–•     }

      [2m+28 vendor frames [22m
  29  tests/Unit/TaskTest.php:81

  â”€â”€â”€â”€â”€â”€â”€â”€â”€â”€â”€â”€â”€â”€â”€â”€â”€â”€â”€â”€â”€â”€â”€â”€â”€â”€â”€â”€â”€â”€â”€â”€â”€â”€â”€â”€â”€â”€â”€â”€â”€â”€â”€â”€â”€â”€â”€â”€â”€â”€â”€â”€â”€â”€â”€â”€â”€â”€â”€â”€â”€â”€â”€â”€â”€â”€â”€â”€â”€â”€â”€â”€â”€â”€â”€â”€  
   FAILED  Tests\Unit\TaskTest > task scope overdue            QueryException   
  SQLSTATE[23000]: Integrity constraint violation: 19 NOT NULL constraint failed: tasks.team_member_id (Connection: sqlite, SQL: insert into "tasks" ("user_id", "title", "description", "due_date", "priority", "status", "assigned_to", "order_id", "notes", "created_at", "updated_at") values (1, Quibusdam alias cupiditate unde., Aut at totam rerum provident quia. Voluptatibus praesentium blanditiis dolores. Illo id esse praesentium voluptatem quaerat eos maxime. Et corporis quis vel similique explicabo laborum., 2025-06-14 11:01:09, high, pending, 2, ?, Dolorem fuga laudantium iusto placeat. Pariatur iste est non ut. Minima est architecto dicta sed at et facilis ut., 2025-05-30 08:26:34, 2025-06-08 16:16:15))

  at vendor/laravel/framework/src/Illuminate/Database/Connection.php:822
    818â–•                     $this->getName(), $query, $this->prepareBindings($bindings), $e
    819â–•                 );
    820â–•             }
    821â–• 
  âžœ 822â–•             throw new QueryException(
    823â–•                 $this->getName(), $query, $this->prepareBindings($bindings), $e
    824â–•             );
    825â–•         }
    826â–•     }

      [2m+18 vendor frames [22m
  19  tests/Unit/TaskTest.php:109

  â”€â”€â”€â”€â”€â”€â”€â”€â”€â”€â”€â”€â”€â”€â”€â”€â”€â”€â”€â”€â”€â”€â”€â”€â”€â”€â”€â”€â”€â”€â”€â”€â”€â”€â”€â”€â”€â”€â”€â”€â”€â”€â”€â”€â”€â”€â”€â”€â”€â”€â”€â”€â”€â”€â”€â”€â”€â”€â”€â”€â”€â”€â”€â”€â”€â”€â”€â”€â”€â”€â”€â”€â”€â”€â”€â”€  
   FAILED  Tests\Unit\TaskTest > task is overdue method        QueryException   
  SQLSTATE[23000]: Integrity constraint violation: 19 NOT NULL constraint failed: orders.cost (Connection: sqlite, SQL: insert into "orders" ("user_id", "client_id", "order_number", "status", "total_amount", "due_date", "notes", "created_at", "updated_at") values (3, 1, ORD-49069, in_progress, 1551.95, 2025-06-21 02:44:59, Quas molestiae laudantium laborum amet error quis reiciendis. Totam repudiandae non sapiente maxime qui et at. At culpa qui expedita., 2025-06-07 06:11:27, 2025-06-09 19:56:07))

  at vendor/laravel/framework/src/Illuminate/Database/Connection.php:822
    818â–•                     $this->getName(), $query, $this->prepareBindings($bindings), $e
    819â–•                 );
    820â–•             }
    821â–• 
  âžœ 822â–•             throw new QueryException(
    823â–•                 $this->getName(), $query, $this->prepareBindings($bindings), $e
    824â–•             );
    825â–•         }
    826â–•     }

      [2m+28 vendor frames [22m
  29  tests/Unit/TaskTest.php:135

  â”€â”€â”€â”€â”€â”€â”€â”€â”€â”€â”€â”€â”€â”€â”€â”€â”€â”€â”€â”€â”€â”€â”€â”€â”€â”€â”€â”€â”€â”€â”€â”€â”€â”€â”€â”€â”€â”€â”€â”€â”€â”€â”€â”€â”€â”€â”€â”€â”€â”€â”€â”€â”€â”€â”€â”€â”€â”€â”€â”€â”€â”€â”€â”€â”€â”€â”€â”€â”€â”€â”€â”€â”€â”€â”€â”€  
   FAILED  Tests\Unit\TaskTest > task complete method          QueryException   
  SQLSTATE[23000]: Integrity constraint violation: 19 NOT NULL constraint failed: tasks.team_member_id (Connection: sqlite, SQL: insert into "tasks" ("user_id", "title", "description", "due_date", "priority", "status", "assigned_to", "order_id", "notes", "created_at", "updated_at", "completed_date") values (1, Occaecati porro id enim qui doloremque quidem labore qui., Odio et dolorum natus dolor. Eum dolorum rerum soluta molestias placeat. Laudantium adipisci molestiae asperiores cum neque est., 2025-07-09 09:06:23, high, pending, 2, ?, ?, 2025-05-23 07:50:00, 2025-06-02 21:17:06, ?))

  at vendor/laravel/framework/src/Illuminate/Database/Connection.php:822
    818â–•                     $this->getName(), $query, $this->prepareBindings($bindings), $e
    819â–•                 );
    820â–•             }
    821â–• 
  âžœ 822â–•             throw new QueryException(
    823â–•                 $this->getName(), $query, $this->prepareBindings($bindings), $e
    824â–•             );
    825â–•         }
    826â–•     }

      [2m+18 vendor frames [22m
  19  tests/Unit/TaskTest.php:155

  â”€â”€â”€â”€â”€â”€â”€â”€â”€â”€â”€â”€â”€â”€â”€â”€â”€â”€â”€â”€â”€â”€â”€â”€â”€â”€â”€â”€â”€â”€â”€â”€â”€â”€â”€â”€â”€â”€â”€â”€â”€â”€â”€â”€â”€â”€â”€â”€â”€â”€â”€â”€â”€â”€â”€â”€â”€â”€â”€â”€â”€â”€â”€â”€â”€â”€â”€â”€â”€â”€â”€â”€â”€â”€â”€â”€  
   FAILED  Tests\Feature\AppointmentTest > appointments canâ€¦   QueryException   
  SQLSTATE[23000]: Integrity constraint violation: 19 NOT NULL constraint failed: appointments.client_id (Connection: sqlite, SQL: insert into "appointments" ("user_id", "title", "description", "date", "client_id", "status", "updated_at", "created_at") values (1, Test Appointment, Test appointment description, 2025-06-17 14:00:00, ?, scheduled, 2025-06-16 11:01:10, 2025-06-16 11:01:10))

  at vendor/laravel/framework/src/Illuminate/Database/Connection.php:822
    818â–•                     $this->getName(), $query, $this->prepareBindings($bindings), $e
    819â–•                 );
    820â–•             }
    821â–• 
  âžœ 822â–•             throw new QueryException(
    823â–•                 $this->getName(), $query, $this->prepareBindings($bindings), $e
    824â–•             );
    825â–•         }
    826â–•     }

      [2m+19 vendor frames [22m
  20  resources/views/livewire/appointments/create.blade.php:39
      [2m+33 vendor frames [22m
  54  tests/Feature/AppointmentTest.php:37

  â”€â”€â”€â”€â”€â”€â”€â”€â”€â”€â”€â”€â”€â”€â”€â”€â”€â”€â”€â”€â”€â”€â”€â”€â”€â”€â”€â”€â”€â”€â”€â”€â”€â”€â”€â”€â”€â”€â”€â”€â”€â”€â”€â”€â”€â”€â”€â”€â”€â”€â”€â”€â”€â”€â”€â”€â”€â”€â”€â”€â”€â”€â”€â”€â”€â”€â”€â”€â”€â”€â”€â”€â”€â”€â”€â”€  
   FAILED  Tests\Feature\AppointmentTest > appointment can bâ€¦  QueryException   
  SQLSTATE[HY000]: General error: 1 no such column: location (Connection: sqlite, SQL: update "appointments" set "title" = Updated Appointment, "description" = Updated appointment description, "status" = completed, "location" = , "updated_at" = 2025-06-16 11:01:10 where "id" = 1)

  at vendor/laravel/framework/src/Illuminate/Database/Connection.php:822
    818â–•                     $this->getName(), $query, $this->prepareBindings($bindings), $e
    819â–•                 );
    820â–•             }
    821â–• 
  âžœ 822â–•             throw new QueryException(
    823â–•                 $this->getName(), $query, $this->prepareBindings($bindings), $e
    824â–•             );
    825â–•         }
    826â–•     }

      [2m+11 vendor frames [22m
  12  resources/views/livewire/appointments/edit.blade.php:51
      [2m+33 vendor frames [22m
  46  tests/Feature/AppointmentTest.php:66

  â”€â”€â”€â”€â”€â”€â”€â”€â”€â”€â”€â”€â”€â”€â”€â”€â”€â”€â”€â”€â”€â”€â”€â”€â”€â”€â”€â”€â”€â”€â”€â”€â”€â”€â”€â”€â”€â”€â”€â”€â”€â”€â”€â”€â”€â”€â”€â”€â”€â”€â”€â”€â”€â”€â”€â”€â”€â”€â”€â”€â”€â”€â”€â”€â”€â”€â”€â”€â”€â”€â”€â”€â”€â”€â”€â”€  
   FAILED  Tests\Feature\AppointmentTest > appointment can bâ€¦  QueryException   
  SQLSTATE[23000]: Integrity constraint violation: 19 NOT NULL constraint failed: appointments.start_time (Connection: sqlite, SQL: insert into "appointments" ("user_id", "title", "description", "date", "client_id", "status", "updated_at", "created_at") values (1, Client Appointment, Appointment with client, 2025-06-17 14:00:00, 1, scheduled, 2025-06-16 11:01:10, 2025-06-16 11:01:10))

  at vendor/laravel/framework/src/Illuminate/Database/Connection.php:822
    818â–•                     $this->getName(), $query, $this->prepareBindings($bindings), $e
    819â–•                 );
    820â–•             }
    821â–• 
  âžœ 822â–•             throw new QueryException(
    823â–•                 $this->getName(), $query, $this->prepareBindings($bindings), $e
    824â–•             );
    825â–•         }
    826â–•     }

      [2m+19 vendor frames [22m
  20  resources/views/livewire/appointments/create.blade.php:39
      [2m+33 vendor frames [22m
  54  tests/Feature/AppointmentTest.php:107

  â”€â”€â”€â”€â”€â”€â”€â”€â”€â”€â”€â”€â”€â”€â”€â”€â”€â”€â”€â”€â”€â”€â”€â”€â”€â”€â”€â”€â”€â”€â”€â”€â”€â”€â”€â”€â”€â”€â”€â”€â”€â”€â”€â”€â”€â”€â”€â”€â”€â”€â”€â”€â”€â”€â”€â”€â”€â”€â”€â”€â”€â”€â”€â”€â”€â”€â”€â”€â”€â”€â”€â”€â”€â”€â”€â”€  
   FAILED  Tests\Feature\AppointmentTest > user cannot edit others appointmeâ€¦   
  Expected response status code [403] but received 200.
Failed asserting that 200 is identical to 403.

  at tests/Feature/AppointmentTest.php:131
    127â–• 
    128â–•         $this->actingAs($user2);
    129â–• 
    130â–•         $response = $this->get(route('appointments.edit', $appointment));
  âžœ 131â–•         $response->assertStatus(403);
    132â–•     }
    133â–• 
    134â–•     public function test_past_appointments_are_marked_as_completed(): void
    135â–•     {

  â”€â”€â”€â”€â”€â”€â”€â”€â”€â”€â”€â”€â”€â”€â”€â”€â”€â”€â”€â”€â”€â”€â”€â”€â”€â”€â”€â”€â”€â”€â”€â”€â”€â”€â”€â”€â”€â”€â”€â”€â”€â”€â”€â”€â”€â”€â”€â”€â”€â”€â”€â”€â”€â”€â”€â”€â”€â”€â”€â”€â”€â”€â”€â”€â”€â”€â”€â”€â”€â”€â”€â”€â”€â”€â”€â”€  
   FAILED  Tests\Feature\ExpenseTest > expenses can be created                  
  Failed asserting that a row in the table [expenses] matches the attributes {
    "user_id": 1,
    "description": "Test Expense",
    "amount": 100.5,
    "category": "Materials",
    "payment_method": "Cash",
    "reference_number": "REF123",
    "notes": "Test expense notes"
}.

Found similar results: [
    {
        "user_id": 1,
        "description": "Test Expense",
        "amount": 100.5,
        "category": "Materials",
        "\"payment_method\"": "payment_method",
        "\"reference_number\"": "reference_number",
        "\"notes\"": "notes"
    }
].

  at tests/Feature/ExpenseTest.php:41
     37â–•             ->call('save');
     38â–• 
     39â–•         $response->assertHasNoErrors();
     40â–• 
  âžœ  41â–•         $this->assertDatabaseHas('expenses', [
     42â–•             'user_id' => $user->id,
     43â–•             'description' => 'Test Expense',
     44â–•             'amount' => 100.50,
     45â–•             'category' => 'Materials',

  â”€â”€â”€â”€â”€â”€â”€â”€â”€â”€â”€â”€â”€â”€â”€â”€â”€â”€â”€â”€â”€â”€â”€â”€â”€â”€â”€â”€â”€â”€â”€â”€â”€â”€â”€â”€â”€â”€â”€â”€â”€â”€â”€â”€â”€â”€â”€â”€â”€â”€â”€â”€â”€â”€â”€â”€â”€â”€â”€â”€â”€â”€â”€â”€â”€â”€â”€â”€â”€â”€â”€â”€â”€â”€â”€â”€  
   FAILED  Tests\Feature\ExpenseTest > expense can be updated   ViewException   
  Call to a member function format() on null (View: /Users/olaoluwa/PhpstormProjects/tailorit/wtailorfit/storage/framework/views/a168b0ebcff266df6b662fc4b6d06e88.blade.php)

  at resources/views/livewire/expenses/edit.blade.php:23
     19â–•         $this->expense = $expense;
     20â–•         $this->description = $expense->description;
     21â–•         $this->amount = $expense->amount;
     22â–•         $this->category = $expense->category;
  âžœ  23â–•         $this->date = $expense->date->format('Y-m-d');
     24â–•         $this->reference_number = $expense->reference_number ?? '';
     25â–•         $this->payment_method = $expense->payment_method ?? '';
     26â–•         $this->notes = $expense->notes ?? '';
     27â–•     }

  1   resources/views/livewire/expenses/edit.blade.php:23
      [2m+2 vendor frames [22m

  4   resources/views/livewire/expenses/edit.blade.php:23
      NunoMaduro\Collision\Exceptions\TestException::("Call to a member function format() on null")

  â”€â”€â”€â”€â”€â”€â”€â”€â”€â”€â”€â”€â”€â”€â”€â”€â”€â”€â”€â”€â”€â”€â”€â”€â”€â”€â”€â”€â”€â”€â”€â”€â”€â”€â”€â”€â”€â”€â”€â”€â”€â”€â”€â”€â”€â”€â”€â”€â”€â”€â”€â”€â”€â”€â”€â”€â”€â”€â”€â”€â”€â”€â”€â”€â”€â”€â”€â”€â”€â”€â”€â”€â”€â”€â”€â”€  
   FAILED  Tests\Feature\ExpenseTest > expense categories are valid             
  Component has no errors.
Failed asserting that false is true.

  at vendor/livewire/livewire/src/Features/SupportValidation/TestsValidation.php:40
     36â–•     public function assertHasErrors($keys = [])
     37â–•     {
     38â–•         $errors = $this->errors();
     39â–• 
  âžœ  40â–•         PHPUnit::assertTrue($errors->isNotEmpty(), 'Component has no errors.');
     41â–• 
     42â–•         $keys = (array) $keys;
     43â–• 
     44â–•         foreach ($keys as $key => $value) {

      [2m+1 vendor frames [22m
  2   tests/Feature/ExpenseTest.php:131

  â”€â”€â”€â”€â”€â”€â”€â”€â”€â”€â”€â”€â”€â”€â”€â”€â”€â”€â”€â”€â”€â”€â”€â”€â”€â”€â”€â”€â”€â”€â”€â”€â”€â”€â”€â”€â”€â”€â”€â”€â”€â”€â”€â”€â”€â”€â”€â”€â”€â”€â”€â”€â”€â”€â”€â”€â”€â”€â”€â”€â”€â”€â”€â”€â”€â”€â”€â”€â”€â”€â”€â”€â”€â”€â”€â”€  
   FAILED  Tests\Feature\ExpenseTest > user cannot edit others expenses         
  Expected response status code [403] but received 500.
Failed asserting that 500 is identical to 403.

The following exception occurred during the last request:

Error: Call to a member function format() on null in /Users/olaoluwa/PhpstormProjects/tailorit/wtailorfit/resources/views/livewire/expenses/edit.blade.php:23
Stack trace:
#0 /Users/olaoluwa/PhpstormProjects/tailorit/wtailorfit/vendor/laravel/framework/src/Illuminate/Container/BoundMethod.php(36): Livewire\Volt\Component@anonymous->mount(Object(App\Models\Expense))
#1 /Users/olaoluwa/PhpstormProjects/tailorit/wtailorfit/vendor/laravel/framework/src/Illuminate/Container/Util.php(43): Illuminate\Container\BoundMethod::{closure:Illuminate\Container\BoundMethod::call():35}()
#2 /Users/olaoluwa/PhpstormProjects/tailorit/wtailorfit/vendor/laravel/framework/src/Illuminate/Container/BoundMethod.php(96): Illuminate\Container\Util::unwrapIfClosure(Object(Closure))
#3 /Users/olaoluwa/PhpstormProjects/tailorit/wtailorfit/vendor/laravel/framework/src/Illuminate/Container/BoundMethod.php(35): Illuminate\Container\BoundMethod::callBoundMethod(Object(Illuminate\Foundation\Application), Array, Object(Closure))
#4 /Users/olaoluwa/PhpstormProjects/tailorit/wtailorfit/vendor/livewire/livewire/src/Wrapped.php(23): Illuminate\Container\BoundMethod::call(Object(Illuminate\Foundation\Application), Array, Array)
#5 /Users/olaoluwa/PhpstormProjects/tailorit/wtailorfit/vendor/livewire/livewire/src/Features/SupportLifecycleHooks/SupportLifecycleHooks.php(134): Livewire\Wrapped->__call('mount', Array)
#6 /Users/olaoluwa/PhpstormProjects/tailorit/wtailorfit/vendor/livewire/livewire/src/Features/SupportLifecycleHooks/SupportLifecycleHooks.php(20): Livewire\Features\SupportLifecycleHooks\SupportLifecycleHooks->callHook('mount', Array)
#7 /Users/olaoluwa/PhpstormProjects/tailorit/wtailorfit/vendor/livewire/livewire/src/ComponentHook.php(19): Livewire\Features\SupportLifecycleHooks\SupportLifecycleHooks->mount(Array, Object(Livewire\Volt\Component@anonymous))
#8 /Users/olaoluwa/PhpstormProjects/tailorit/wtailorfit/vendor/livewire/livewire/src/ComponentHookRegistry.php(45): Livewire\ComponentHook->callMount(Array, Object(Livewire\Volt\Component@anonymous))
#9 /Users/olaoluwa/PhpstormProjects/tailorit/wtailorfit/vendor/livewire/livewire/src/EventBus.php(60): Livewire\ComponentHookRegistry::{closure:Livewire\ComponentHookRegistry::boot():39}(Object(Livewire\Volt\Component@anonymous), Array, NULL, Object(Livewire\Volt\Component@anonymous))
#10 /Users/olaoluwa/PhpstormProjects/tailorit/wtailorfit/vendor/livewire/livewire/src/helpers.php(98): Livewire\EventBus->trigger('mount', Object(Livewire\Volt\Component@anonymous), Array, NULL, Object(Livewire\Volt\Component@anonymous))
#11 /Users/olaoluwa/PhpstormProjects/tailorit/wtailorfit/vendor/livewire/livewire/src/Mechanisms/HandleComponents/HandleComponents.php(50): Livewire\trigger('mount', Object(Livewire\Volt\Component@anonymous), Array, NULL, Object(Livewire\Volt\Component@anonymous))
#12 /Users/olaoluwa/PhpstormProjects/tailorit/wtailorfit/vendor/livewire/livewire/src/LivewireManager.php(73): Livewire\Mechanisms\HandleComponents\HandleComponents->mount('Livewire\\Volt\\C...', Array, NULL)
#13 /Users/olaoluwa/PhpstormProjects/tailorit/wtailorfit/vendor/livewire/volt/src/LivewireManager.php(23): Livewire\LivewireManager->mount('Livewire\\Volt\\C...', Array, NULL)
#14 /Users/olaoluwa/PhpstormProjects/tailorit/wtailorfit/vendor/livewire/livewire/src/Features/SupportPageComponents/HandlesPageComponents.php(17): Livewire\Volt\LivewireManager->mount('Livewire\\Volt\\C...', Array)
#15 /Users/olaoluwa/PhpstormProjects/tailorit/wtailorfit/vendor/livewire/livewire/src/Features/SupportPageComponents/SupportPageComponents.php(117): Livewire\Component->{closure:Livewire\Features\SupportPageComponents\HandlesPageComponents::__invoke():14}()
#16 /Users/olaoluwa/PhpstormProjects/tailorit/wtailorfit/vendor/livewire/livewire/src/Features/SupportPageComponents/HandlesPageComponents.php(14): Livewire\Features\SupportPageComponents\SupportPageComponents::interceptTheRenderOfTheComponentAndRetreiveTheLayoutConfiguration(Object(Closure))
#17 /Users/olaoluwa/PhpstormProjects/tailorit/wtailorfit/vendor/laravel/framework/src/Illuminate/Container/BoundMethod.php(36): Livewire\Component->__invoke()
#18 /Users/olaoluwa/PhpstormProjects/tailorit/wtailorfit/vendor/laravel/framework/src/Illuminate/Container/Util.php(43): Illuminate\Container\BoundMethod::{closure:Illuminate\Container\BoundMethod::call():35}()
#19 /Users/olaoluwa/PhpstormProjects/tailorit/wtailorfit/vendor/laravel/framework/src/Illuminate/Container/BoundMethod.php(96): Illuminate\Container\Util::unwrapIfClosure(Object(Closure))
#20 /Users/olaoluwa/PhpstormProjects/tailorit/wtailorfit/vendor/laravel/framework/src/Illuminate/Container/BoundMethod.php(35): Illuminate\Container\BoundMethod::callBoundMethod(Object(Illuminate\Foundation\Application), Array, Object(Closure))
#21 /Users/olaoluwa/PhpstormProjects/tailorit/wtailorfit/vendor/laravel/framework/src/Illuminate/Container/Container.php(754): Illuminate\Container\BoundMethod::call(Object(Illuminate\Foundation\Application), Array, Array, NULL)
#22 /Users/olaoluwa/PhpstormProjects/tailorit/wtailorfit/vendor/livewire/volt/src/VoltManager.php(37): Illuminate\Container\Container->call(Array)
#23 /Users/olaoluwa/PhpstormProjects/tailorit/wtailorfit/vendor/laravel/framework/src/Illuminate/Routing/CallableDispatcher.php(39): Livewire\Volt\VoltManager->{closure:Livewire\Volt\VoltManager::route():34}('1')
#24 /Users/olaoluwa/PhpstormProjects/tailorit/wtailorfit/vendor/laravel/framework/src/Illuminate/Routing/Route.php(243): Illuminate\Routing\CallableDispatcher->dispatch(Object(Illuminate\Routing\Route), Object(Closure))
#25 /Users/olaoluwa/PhpstormProjects/tailorit/wtailorfit/vendor/laravel/framework/src/Illuminate/Routing/Route.php(214): Illuminate\Routing\Route->runCallable()
#26 /Users/olaoluwa/PhpstormProjects/tailorit/wtailorfit/vendor/laravel/framework/src/Illuminate/Routing/Router.php(808): Illuminate\Routing\Route->run()
#27 /Users/olaoluwa/PhpstormProjects/tailorit/wtailorfit/vendor/laravel/framework/src/Illuminate/Pipeline/Pipeline.php(169): Illuminate\Routing\Router->{closure:Illuminate\Routing\Router::runRouteWithinStack():807}(Object(Illuminate\Http\Request))
#28 /Users/olaoluwa/PhpstormProjects/tailorit/wtailorfit/vendor/laravel/framework/src/Illuminate/Routing/Middleware/SubstituteBindings.php(50): Illuminate\Pipeline\Pipeline->{closure:Illuminate\Pipeline\Pipeline::prepareDestination():167}(Object(Illuminate\Http\Request))
#29 /Users/olaoluwa/PhpstormProjects/tailorit/wtailorfit/vendor/laravel/framework/src/Illuminate/Pipeline/Pipeline.php(208): Illuminate\Routing\Middleware\SubstituteBindings->handle(Object(Illuminate\Http\Request), Object(Closure))
#30 /Users/olaoluwa/PhpstormProjects/tailorit/wtailorfit/vendor/laravel/framework/src/Illuminate/Auth/Middleware/Authenticate.php(63): Illuminate\Pipeline\Pipeline->{closure:{closure:Illuminate\Pipeline\Pipeline::carry():183}:184}(Object(Illuminate\Http\Request))
#31 /Users/olaoluwa/PhpstormProjects/tailorit/wtailorfit/vendor/laravel/framework/src/Illuminate/Pipeline/Pipeline.php(208): Illuminate\Auth\Middleware\Authenticate->handle(Object(Illuminate\Http\Request), Object(Closure))
#32 /Users/olaoluwa/PhpstormProjects/tailorit/wtailorfit/vendor/laravel/framework/src/Illuminate/Foundation/Http/Middleware/VerifyCsrfToken.php(87): Illuminate\Pipeline\Pipeline->{closure:{closure:Illuminate\Pipeline\Pipeline::carry():183}:184}(Object(Illuminate\Http\Request))
#33 /Users/olaoluwa/PhpstormProjects/tailorit/wtailorfit/vendor/laravel/framework/src/Illuminate/Pipeline/Pipeline.php(208): Illuminate\Foundation\Http\Middleware\VerifyCsrfToken->handle(Object(Illuminate\Http\Request), Object(Closure))
#34 /Users/olaoluwa/PhpstormProjects/tailorit/wtailorfit/vendor/laravel/framework/src/Illuminate/View/Middleware/ShareErrorsFromSession.php(48): Illuminate\Pipeline\Pipeline->{closure:{closure:Illuminate\Pipeline\Pipeline::carry():183}:184}(Object(Illuminate\Http\Request))
#35 /Users/olaoluwa/PhpstormProjects/tailorit/wtailorfit/vendor/laravel/framework/src/Illuminate/Pipeline/Pipeline.php(208): Illuminate\View\Middleware\ShareErrorsFromSession->handle(Object(Illuminate\Http\Request), Object(Closure))
#36 /Users/olaoluwa/PhpstormProjects/tailorit/wtailorfit/vendor/laravel/framework/src/Illuminate/Session/Middleware/StartSession.php(120): Illuminate\Pipeline\Pipeline->{closure:{closure:Illuminate\Pipeline\Pipeline::carry():183}:184}(Object(Illuminate\Http\Request))
#37 /Users/olaoluwa/PhpstormProjects/tailorit/wtailorfit/vendor/laravel/framework/src/Illuminate/Session/Middleware/StartSession.php(63): Illuminate\Session\Middleware\StartSession->handleStatefulRequest(Object(Illuminate\Http\Request), Object(Illuminate\Session\Store), Object(Closure))
#38 /Users/olaoluwa/PhpstormProjects/tailorit/wtailorfit/vendor/laravel/framework/src/Illuminate/Pipeline/Pipeline.php(208): Illuminate\Session\Middleware\StartSession->handle(Object(Illuminate\Http\Request), Object(Closure))
#39 /Users/olaoluwa/PhpstormProjects/tailorit/wtailorfit/vendor/laravel/framework/src/Illuminate/Cookie/Middleware/AddQueuedCookiesToResponse.php(36): Illuminate\Pipeline\Pipeline->{closure:{closure:Illuminate\Pipeline\Pipeline::carry():183}:184}(Object(Illuminate\Http\Request))
#40 /Users/olaoluwa/PhpstormProjects/tailorit/wtailorfit/vendor/laravel/framework/src/Illuminate/Pipeline/Pipeline.php(208): Illuminate\Cookie\Middleware\AddQueuedCookiesToResponse->handle(Object(Illuminate\Http\Request), Object(Closure))
#41 /Users/olaoluwa/PhpstormProjects/tailorit/wtailorfit/vendor/laravel/framework/src/Illuminate/Cookie/Middleware/EncryptCookies.php(74): Illuminate\Pipeline\Pipeline->{closure:{closure:Illuminate\Pipeline\Pipeline::carry():183}:184}(Object(Illuminate\Http\Request))
#42 /Users/olaoluwa/PhpstormProjects/tailorit/wtailorfit/vendor/laravel/framework/src/Illuminate/Pipeline/Pipeline.php(208): Illuminate\Cookie\Middleware\EncryptCookies->handle(Object(Illuminate\Http\Request), Object(Closure))
#43 /Users/olaoluwa/PhpstormProjects/tailorit/wtailorfit/vendor/laravel/framework/src/Illuminate/Pipeline/Pipeline.php(126): Illuminate\Pipeline\Pipeline->{closure:{closure:Illuminate\Pipeline\Pipeline::carry():183}:184}(Object(Illuminate\Http\Request))
#44 /Users/olaoluwa/PhpstormProjects/tailorit/wtailorfit/vendor/laravel/framework/src/Illuminate/Routing/Router.php(807): Illuminate\Pipeline\Pipeline->then(Object(Closure))
#45 /Users/olaoluwa/PhpstormProjects/tailorit/wtailorfit/vendor/laravel/framework/src/Illuminate/Routing/Router.php(786): Illuminate\Routing\Router->runRouteWithinStack(Object(Illuminate\Routing\Route), Object(Illuminate\Http\Request))
#46 /Users/olaoluwa/PhpstormProjects/tailorit/wtailorfit/vendor/laravel/framework/src/Illuminate/Routing/Router.php(750): Illuminate\Routing\Router->runRoute(Object(Illuminate\Http\Request), Object(Illuminate\Routing\Route))
#47 /Users/olaoluwa/PhpstormProjects/tailorit/wtailorfit/vendor/laravel/framework/src/Illuminate/Routing/Router.php(739): Illuminate\Routing\Router->dispatchToRoute(Object(Illuminate\Http\Request))
#48 /Users/olaoluwa/PhpstormProjects/tailorit/wtailorfit/vendor/laravel/framework/src/Illuminate/Foundation/Http/Kernel.php(200): Illuminate\Routing\Router->dispatch(Object(Illuminate\Http\Request))
#49 /Users/olaoluwa/PhpstormProjects/tailorit/wtailorfit/vendor/laravel/framework/src/Illuminate/Pipeline/Pipeline.php(169): Illuminate\Foundation\Http\Kernel->{closure:Illuminate\Foundation\Http\Kernel::dispatchToRouter():197}(Object(Illuminate\Http\Request))
#50 /Users/olaoluwa/PhpstormProjects/tailorit/wtailorfit/vendor/livewire/livewire/src/Features/SupportDisablingBackButtonCache/DisableBackButtonCacheMiddleware.php(19): Illuminate\Pipeline\Pipeline->{closure:Illuminate\Pipeline\Pipeline::prepareDestination():167}(Object(Illuminate\Http\Request))
#51 /Users/olaoluwa/PhpstormProjects/tailorit/wtailorfit/vendor/laravel/framework/src/Illuminate/Pipeline/Pipeline.php(208): Livewire\Features\SupportDisablingBackButtonCache\DisableBackButtonCacheMiddleware->handle(Object(Illuminate\Http\Request), Object(Closure))
#52 /Users/olaoluwa/PhpstormProjects/tailorit/wtailorfit/vendor/laravel/framework/src/Illuminate/Foundation/Http/Middleware/TransformsRequest.php(21): Illuminate\Pipeline\Pipeline->{closure:{closure:Illuminate\Pipeline\Pipeline::carry():183}:184}(Object(Illuminate\Http\Request))
#53 /Users/olaoluwa/PhpstormProjects/tailorit/wtailorfit/vendor/laravel/framework/src/Illuminate/Foundation/Http/Middleware/ConvertEmptyStringsToNull.php(31): Illuminate\Foundation\Http\Middleware\TransformsRequest->handle(Object(Illuminate\Http\Request), Object(Closure))
#54 /Users/olaoluwa/PhpstormProjects/tailorit/wtailorfit/vendor/laravel/framework/src/Illuminate/Pipeline/Pipeline.php(208): Illuminate\Foundation\Http\Middleware\ConvertEmptyStringsToNull->handle(Object(Illuminate\Http\Request), Object(Closure))
#55 /Users/olaoluwa/PhpstormProjects/tailorit/wtailorfit/vendor/laravel/framework/src/Illuminate/Foundation/Http/Middleware/TransformsRequest.php(21): Illuminate\Pipeline\Pipeline->{closure:{closure:Illuminate\Pipeline\Pipeline::carry():183}:184}(Object(Illuminate\Http\Request))
#56 /Users/olaoluwa/PhpstormProjects/tailorit/wtailorfit/vendor/laravel/framework/src/Illuminate/Foundation/Http/Middleware/TrimStrings.php(51): Illuminate\Foundation\Http\Middleware\TransformsRequest->handle(Object(Illuminate\Http\Request), Object(Closure))
#57 /Users/olaoluwa/PhpstormProjects/tailorit/wtailorfit/vendor/laravel/framework/src/Illuminate/Pipeline/Pipeline.php(208): Illuminate\Foundation\Http\Middleware\TrimStrings->handle(Object(Illuminate\Http\Request), Object(Closure))
#58 /Users/olaoluwa/PhpstormProjects/tailorit/wtailorfit/vendor/laravel/framework/src/Illuminate/Http/Middleware/ValidatePostSize.php(27): Illuminate\Pipeline\Pipeline->{closure:{closure:Illuminate\Pipeline\Pipeline::carry():183}:184}(Object(Illuminate\Http\Request))
#59 /Users/olaoluwa/PhpstormProjects/tailorit/wtailorfit/vendor/laravel/framework/src/Illuminate/Pipeline/Pipeline.php(208): Illuminate\Http\Middleware\ValidatePostSize->handle(Object(Illuminate\Http\Request), Object(Closure))
#60 /Users/olaoluwa/PhpstormProjects/tailorit/wtailorfit/vendor/laravel/framework/src/Illuminate/Foundation/Http/Middleware/PreventRequestsDuringMaintenance.php(109): Illuminate\Pipeline\Pipeline->{closure:{closure:Illuminate\Pipeline\Pipeline::carry():183}:184}(Object(Illuminate\Http\Request))
#61 /Users/olaoluwa/PhpstormProjects/tailorit/wtailorfit/vendor/laravel/framework/src/Illuminate/Pipeline/Pipeline.php(208): Illuminate\Foundation\Http\Middleware\PreventRequestsDuringMaintenance->handle(Object(Illuminate\Http\Request), Object(Closure))
#62 /Users/olaoluwa/PhpstormProjects/tailorit/wtailorfit/vendor/laravel/framework/src/Illuminate/Http/Middleware/HandleCors.php(48): Illuminate\Pipeline\Pipeline->{closure:{closure:Illuminate\Pipeline\Pipeline::carry():183}:184}(Object(Illuminate\Http\Request))
#63 /Users/olaoluwa/PhpstormProjects/tailorit/wtailorfit/vendor/laravel/framework/src/Illuminate/Pipeline/Pipeline.php(208): Illuminate\Http\Middleware\HandleCors->handle(Object(Illuminate\Http\Request), Object(Closure))
#64 /Users/olaoluwa/PhpstormProjects/tailorit/wtailorfit/vendor/laravel/framework/src/Illuminate/Http/Middleware/TrustProxies.php(58): Illuminate\Pipeline\Pipeline->{closure:{closure:Illuminate\Pipeline\Pipeline::carry():183}:184}(Object(Illuminate\Http\Request))
#65 /Users/olaoluwa/PhpstormProjects/tailorit/wtailorfit/vendor/laravel/framework/src/Illuminate/Pipeline/Pipeline.php(208): Illuminate\Http\Middleware\TrustProxies->handle(Object(Illuminate\Http\Request), Object(Closure))
#66 /Users/olaoluwa/PhpstormProjects/tailorit/wtailorfit/vendor/laravel/framework/src/Illuminate/Foundation/Http/Middleware/InvokeDeferredCallbacks.php(22): Illuminate\Pipeline\Pipeline->{closure:{closure:Illuminate\Pipeline\Pipeline::carry():183}:184}(Object(Illuminate\Http\Request))
#67 /Users/olaoluwa/PhpstormProjects/tailorit/wtailorfit/vendor/laravel/framework/src/Illuminate/Pipeline/Pipeline.php(208): Illuminate\Foundation\Http\Middleware\InvokeDeferredCallbacks->handle(Object(Illuminate\Http\Request), Object(Closure))
#68 /Users/olaoluwa/PhpstormProjects/tailorit/wtailorfit/vendor/laravel/framework/src/Illuminate/Http/Middleware/ValidatePathEncoding.php(26): Illuminate\Pipeline\Pipeline->{closure:{closure:Illuminate\Pipeline\Pipeline::carry():183}:184}(Object(Illuminate\Http\Request))
#69 /Users/olaoluwa/PhpstormProjects/tailorit/wtailorfit/vendor/laravel/framework/src/Illuminate/Pipeline/Pipeline.php(208): Illuminate\Http\Middleware\ValidatePathEncoding->handle(Object(Illuminate\Http\Request), Object(Closure))
#70 /Users/olaoluwa/PhpstormProjects/tailorit/wtailorfit/vendor/laravel/framework/src/Illuminate/Pipeline/Pipeline.php(126): Illuminate\Pipeline\Pipeline->{closure:{closure:Illuminate\Pipeline\Pipeline::carry():183}:184}(Object(Illuminate\Http\Request))
#71 /Users/olaoluwa/PhpstormProjects/tailorit/wtailorfit/vendor/laravel/framework/src/Illuminate/Foundation/Http/Kernel.php(175): Illuminate\Pipeline\Pipeline->then(Object(Closure))
#72 /Users/olaoluwa/PhpstormProjects/tailorit/wtailorfit/vendor/laravel/framework/src/Illuminate/Foundation/Http/Kernel.php(144): Illuminate\Foundation\Http\Kernel->sendRequestThroughRouter(Object(Illuminate\Http\Request))
#73 /Users/olaoluwa/PhpstormProjects/tailorit/wtailorfit/vendor/laravel/framework/src/Illuminate/Foundation/Testing/Concerns/MakesHttpRequests.php(607): Illuminate\Foundation\Http\Kernel->handle(Object(Illuminate\Http\Request))
#74 /Users/olaoluwa/PhpstormProjects/tailorit/wtailorfit/vendor/laravel/framework/src/Illuminate/Foundation/Testing/Concerns/MakesHttpRequests.php(368): Illuminate\Foundation\Testing\TestCase->call('GET', 'http://localhos...', Array, Array, Array, Array)
#75 /Users/olaoluwa/PhpstormProjects/tailorit/wtailorfit/tests/Feature/ExpenseTest.php(146): Illuminate\Foundation\Testing\TestCase->get('http://localhos...')
#76 /Users/olaoluwa/PhpstormProjects/tailorit/wtailorfit/vendor/phpunit/phpunit/src/Framework/TestCase.php(1656): Tests\Feature\ExpenseTest->test_user_cannot_edit_others_expenses()
#77 /Users/olaoluwa/PhpstormProjects/tailorit/wtailorfit/vendor/phpunit/phpunit/src/Framework/TestCase.php(514): PHPUnit\Framework\TestCase->runTest()
#78 /Users/olaoluwa/PhpstormProjects/tailorit/wtailorfit/vendor/phpunit/phpunit/src/Framework/TestRunner/TestRunner.php(87): PHPUnit\Framework\TestCase->runBare()
#79 /Users/olaoluwa/PhpstormProjects/tailorit/wtailorfit/vendor/phpunit/phpunit/src/Framework/TestCase.php(361): PHPUnit\Framework\TestRunner->run(Object(Tests\Feature\ExpenseTest))
#80 /Users/olaoluwa/PhpstormProjects/tailorit/wtailorfit/vendor/phpunit/phpunit/src/Framework/TestSuite.php(369): PHPUnit\Framework\TestCase->run()
#81 /Users/olaoluwa/PhpstormProjects/tailorit/wtailorfit/vendor/phpunit/phpunit/src/Framework/TestSuite.php(369): PHPUnit\Framework\TestSuite->run()
#82 /Users/olaoluwa/PhpstormProjects/tailorit/wtailorfit/vendor/phpunit/phpunit/src/Framework/TestSuite.php(369): PHPUnit\Framework\TestSuite->run()
#83 /Users/olaoluwa/PhpstormProjects/tailorit/wtailorfit/vendor/phpunit/phpunit/src/TextUI/TestRunner.php(64): PHPUnit\Framework\TestSuite->run()
#84 /Users/olaoluwa/PhpstormProjects/tailorit/wtailorfit/vendor/phpunit/phpunit/src/TextUI/Application.php(210): PHPUnit\TextUI\TestRunner->run(Object(PHPUnit\TextUI\Configuration\Configuration), Object(PHPUnit\Runner\ResultCache\DefaultResultCache), Object(PHPUnit\Framework\TestSuite))
#85 /Users/olaoluwa/PhpstormProjects/tailorit/wtailorfit/vendor/phpunit/phpunit/phpunit(104): PHPUnit\TextUI\Application->run(Array)
#86 {main}

----------------------------------------------------------------------------------

Call to a member function format() on null

  at tests/Feature/ExpenseTest.php:147
    143â–• 
    144â–•         $this->actingAs($user2);
    145â–• 
    146â–•         $response = $this->get(route('expenses.edit', $expense));
  âžœ 147â–•         $response->assertStatus(403);
    148â–•     }
    149â–• }
    150â–•

  â”€â”€â”€â”€â”€â”€â”€â”€â”€â”€â”€â”€â”€â”€â”€â”€â”€â”€â”€â”€â”€â”€â”€â”€â”€â”€â”€â”€â”€â”€â”€â”€â”€â”€â”€â”€â”€â”€â”€â”€â”€â”€â”€â”€â”€â”€â”€â”€â”€â”€â”€â”€â”€â”€â”€â”€â”€â”€â”€â”€â”€â”€â”€â”€â”€â”€â”€â”€â”€â”€â”€â”€â”€â”€â”€â”€  
   FAILED  Tests\Feature\PaymentTest > payments can be creatâ€¦  QueryException   
  SQLSTATE[23000]: Integrity constraint violation: 19 NOT NULL constraint failed: payments.client_id (Connection: sqlite, SQL: insert into "payments" ("user_id", "amount", "client_id", "invoice_id", "payment_method", "reference_number", "notes", "updated_at", "created_at") values (1, 250.75, ?, ?, Bank Transfer, PAY123, Test payment notes, 2025-06-16 11:01:11, 2025-06-16 11:01:11))

  at vendor/laravel/framework/src/Illuminate/Database/Connection.php:822
    818â–•                     $this->getName(), $query, $this->prepareBindings($bindings), $e
    819â–•                 );
    820â–•             }
    821â–• 
  âžœ 822â–•             throw new QueryException(
    823â–•                 $this->getName(), $query, $this->prepareBindings($bindings), $e
    824â–•             );
    825â–•         }
    826â–•     }

      [2m+19 vendor frames [22m
  20  resources/views/livewire/payments/create.blade.php:40
      [2m+33 vendor frames [22m
  54  tests/Feature/PaymentTest.php:39

  â”€â”€â”€â”€â”€â”€â”€â”€â”€â”€â”€â”€â”€â”€â”€â”€â”€â”€â”€â”€â”€â”€â”€â”€â”€â”€â”€â”€â”€â”€â”€â”€â”€â”€â”€â”€â”€â”€â”€â”€â”€â”€â”€â”€â”€â”€â”€â”€â”€â”€â”€â”€â”€â”€â”€â”€â”€â”€â”€â”€â”€â”€â”€â”€â”€â”€â”€â”€â”€â”€â”€â”€â”€â”€â”€â”€  
   FAILED  Tests\Feature\PaymentTest > payment can be linkedâ€¦  QueryException   
  SQLSTATE[23000]: Integrity constraint violation: 19 NOT NULL constraint failed: payments.payment_date (Connection: sqlite, SQL: insert into "payments" ("user_id", "amount", "client_id", "invoice_id", "payment_method", "reference_number", "notes", "updated_at", "created_at") values (1, 300, 1, ?, Cash, , , 2025-06-16 11:01:11, 2025-06-16 11:01:11))

  at vendor/laravel/framework/src/Illuminate/Database/Connection.php:822
    818â–•                     $this->getName(), $query, $this->prepareBindings($bindings), $e
    819â–•                 );
    820â–•             }
    821â–• 
  âžœ 822â–•             throw new QueryException(
    823â–•                 $this->getName(), $query, $this->prepareBindings($bindings), $e
    824â–•             );
    825â–•         }
    826â–•     }

      [2m+19 vendor frames [22m
  20  resources/views/livewire/payments/create.blade.php:40
      [2m+33 vendor frames [22m
  54  tests/Feature/PaymentTest.php:84

  â”€â”€â”€â”€â”€â”€â”€â”€â”€â”€â”€â”€â”€â”€â”€â”€â”€â”€â”€â”€â”€â”€â”€â”€â”€â”€â”€â”€â”€â”€â”€â”€â”€â”€â”€â”€â”€â”€â”€â”€â”€â”€â”€â”€â”€â”€â”€â”€â”€â”€â”€â”€â”€â”€â”€â”€â”€â”€â”€â”€â”€â”€â”€â”€â”€â”€â”€â”€â”€â”€â”€â”€â”€â”€â”€â”€  
   FAILED  Tests\Feature\PaymentTest > payment can be linkedâ€¦  QueryException   
  SQLSTATE[23000]: Integrity constraint violation: 19 NOT NULL constraint failed: orders.cost (Connection: sqlite, SQL: insert into "orders" ("user_id", "client_id", "order_number", "status", "total_amount", "due_date", "notes", "created_at", "updated_at") values (2, 2, ORD-40389, pending, 1984.64, 2025-06-22 15:56:15, Aut illum sequi ut sit esse. Accusamus ut perspiciatis ratione in ratione natus impedit. Recusandae quia voluptatum molestias aspernatur enim ducimus labore alias. Omnis blanditiis fuga est odit et magnam., 2025-06-15 16:04:24, 2025-06-16 08:13:09))

  at vendor/laravel/framework/src/Illuminate/Database/Connection.php:822
    818â–•                     $this->getName(), $query, $this->prepareBindings($bindings), $e
    819â–•                 );
    820â–•             }
    821â–• 
  âžœ 822â–•             throw new QueryException(
    823â–•                 $this->getName(), $query, $this->prepareBindings($bindings), $e
    824â–•             );
    825â–•         }
    826â–•     }

      [2m+28 vendor frames [22m
  29  tests/Feature/PaymentTest.php:100

  â”€â”€â”€â”€â”€â”€â”€â”€â”€â”€â”€â”€â”€â”€â”€â”€â”€â”€â”€â”€â”€â”€â”€â”€â”€â”€â”€â”€â”€â”€â”€â”€â”€â”€â”€â”€â”€â”€â”€â”€â”€â”€â”€â”€â”€â”€â”€â”€â”€â”€â”€â”€â”€â”€â”€â”€â”€â”€â”€â”€â”€â”€â”€â”€â”€â”€â”€â”€â”€â”€â”€â”€â”€â”€â”€â”€  
   FAILED  Tests\Feature\PaymentTest > payment methods are vâ€¦  QueryException   
  SQLSTATE[23000]: Integrity constraint violation: 19 NOT NULL constraint failed: payments.client_id (Connection: sqlite, SQL: insert into "payments" ("user_id", "amount", "client_id", "invoice_id", "payment_method", "reference_number", "notes", "updated_at", "created_at") values (1, 100, ?, ?, Cash, , , 2025-06-16 11:01:11, 2025-06-16 11:01:11))

  at vendor/laravel/framework/src/Illuminate/Database/Connection.php:822
    818â–•                     $this->getName(), $query, $this->prepareBindings($bindings), $e
    819â–•                 );
    820â–•             }
    821â–• 
  âžœ 822â–•             throw new QueryException(
    823â–•                 $this->getName(), $query, $this->prepareBindings($bindings), $e
    824â–•             );
    825â–•         }
    826â–•     }

      [2m+19 vendor frames [22m
  20  resources/views/livewire/payments/create.blade.php:40
      [2m+33 vendor frames [22m
  54  tests/Feature/PaymentTest.php:151

  â”€â”€â”€â”€â”€â”€â”€â”€â”€â”€â”€â”€â”€â”€â”€â”€â”€â”€â”€â”€â”€â”€â”€â”€â”€â”€â”€â”€â”€â”€â”€â”€â”€â”€â”€â”€â”€â”€â”€â”€â”€â”€â”€â”€â”€â”€â”€â”€â”€â”€â”€â”€â”€â”€â”€â”€â”€â”€â”€â”€â”€â”€â”€â”€â”€â”€â”€â”€â”€â”€â”€â”€â”€â”€â”€â”€  
   FAILED  Tests\Feature\PaymentTest > payment statuses areâ€¦   QueryException   
  SQLSTATE[23000]: Integrity constraint violation: 19 NOT NULL constraint failed: payments.client_id (Connection: sqlite, SQL: insert into "payments" ("user_id", "amount", "client_id", "invoice_id", "payment_method", "reference_number", "notes", "updated_at", "created_at") values (1, 100, ?, ?, Cash, , , 2025-06-16 11:01:11, 2025-06-16 11:01:11))

  at vendor/laravel/framework/src/Illuminate/Database/Connection.php:822
    818â–•                     $this->getName(), $query, $this->prepareBindings($bindings), $e
    819â–•                 );
    820â–•             }
    821â–• 
  âžœ 822â–•             throw new QueryException(
    823â–•                 $this->getName(), $query, $this->prepareBindings($bindings), $e
    824â–•             );
    825â–•         }
    826â–•     }

      [2m+19 vendor frames [22m
  20  resources/views/livewire/payments/create.blade.php:40
      [2m+33 vendor frames [22m
  54  tests/Feature/PaymentTest.php:175

  â”€â”€â”€â”€â”€â”€â”€â”€â”€â”€â”€â”€â”€â”€â”€â”€â”€â”€â”€â”€â”€â”€â”€â”€â”€â”€â”€â”€â”€â”€â”€â”€â”€â”€â”€â”€â”€â”€â”€â”€â”€â”€â”€â”€â”€â”€â”€â”€â”€â”€â”€â”€â”€â”€â”€â”€â”€â”€â”€â”€â”€â”€â”€â”€â”€â”€â”€â”€â”€â”€â”€â”€â”€â”€â”€â”€  
   FAILED  Tests\Feature\TaskTest > tasks can be created       QueryException   
  SQLSTATE[23000]: Integrity constraint violation: 19 NOT NULL constraint failed: tasks.team_member_id (Connection: sqlite, SQL: insert into "tasks" ("user_id", "title", "description", "due_date", "priority", "status", "order_id", "notes", "updated_at", "created_at") values (1, Test Task, Test task description, 2025-06-17 00:00:00, medium, pending, ?, , 2025-06-16 11:01:12, 2025-06-16 11:01:12))

  at vendor/laravel/framework/src/Illuminate/Database/Connection.php:822
    818â–•                     $this->getName(), $query, $this->prepareBindings($bindings), $e
    819â–•                 );
    820â–•             }
    821â–• 
  âžœ 822â–•             throw new QueryException(
    823â–•                 $this->getName(), $query, $this->prepareBindings($bindings), $e
    824â–•             );
    825â–•         }
    826â–•     }

      [2m+19 vendor frames [22m
  20  resources/views/livewire/tasks/create.blade.php:38
      [2m+33 vendor frames [22m
  54  tests/Feature/TaskTest.php:36

  â”€â”€â”€â”€â”€â”€â”€â”€â”€â”€â”€â”€â”€â”€â”€â”€â”€â”€â”€â”€â”€â”€â”€â”€â”€â”€â”€â”€â”€â”€â”€â”€â”€â”€â”€â”€â”€â”€â”€â”€â”€â”€â”€â”€â”€â”€â”€â”€â”€â”€â”€â”€â”€â”€â”€â”€â”€â”€â”€â”€â”€â”€â”€â”€â”€â”€â”€â”€â”€â”€â”€â”€â”€â”€â”€â”€  
   FAILED  Tests\Feature\TaskTest > task can be updated        QueryException   
  SQLSTATE[23000]: Integrity constraint violation: 19 NOT NULL constraint failed: orders.cost (Connection: sqlite, SQL: insert into "orders" ("user_id", "client_id", "order_number", "status", "total_amount", "due_date", "notes", "created_at", "updated_at") values (2, 1, ORD-59694, cancelled, 4885.76, 2025-07-15 07:34:00, Dolores consectetur facilis ea ad est enim. Iste voluptas qui reprehenderit. Rerum maiores explicabo provident aut labore. Dolorem molestiae magni incidunt sequi repellendus rerum., 2025-06-03 22:55:26, 2025-06-14 16:34:34))

  at vendor/laravel/framework/src/Illuminate/Database/Connection.php:822
    818â–•                     $this->getName(), $query, $this->prepareBindings($bindings), $e
    819â–•                 );
    820â–•             }
    821â–• 
  âžœ 822â–•             throw new QueryException(
    823â–•                 $this->getName(), $query, $this->prepareBindings($bindings), $e
    824â–•             );
    825â–•         }
    826â–•     }

      [2m+28 vendor frames [22m
  29  tests/Feature/TaskTest.php:52

  â”€â”€â”€â”€â”€â”€â”€â”€â”€â”€â”€â”€â”€â”€â”€â”€â”€â”€â”€â”€â”€â”€â”€â”€â”€â”€â”€â”€â”€â”€â”€â”€â”€â”€â”€â”€â”€â”€â”€â”€â”€â”€â”€â”€â”€â”€â”€â”€â”€â”€â”€â”€â”€â”€â”€â”€â”€â”€â”€â”€â”€â”€â”€â”€â”€â”€â”€â”€â”€â”€â”€â”€â”€â”€â”€â”€  
   FAILED  Tests\Feature\TaskTest > task can be assigned toâ€¦   QueryException   
  SQLSTATE[23000]: Integrity constraint violation: 19 NOT NULL constraint failed: tasks.team_member_id (Connection: sqlite, SQL: insert into "tasks" ("user_id", "title", "description", "due_date", "priority", "status", "order_id", "notes", "updated_at", "created_at") values (1, Team Task, Task for team member, 2025-06-17 00:00:00, medium, pending, ?, , 2025-06-16 11:01:12, 2025-06-16 11:01:12))

  at vendor/laravel/framework/src/Illuminate/Database/Connection.php:822
    818â–•                     $this->getName(), $query, $this->prepareBindings($bindings), $e
    819â–•                 );
    820â–•             }
    821â–• 
  âžœ 822â–•             throw new QueryException(
    823â–•                 $this->getName(), $query, $this->prepareBindings($bindings), $e
    824â–•             );
    825â–•         }
    826â–•     }

      [2m+19 vendor frames [22m
  20  resources/views/livewire/tasks/create.blade.php:38
      [2m+33 vendor frames [22m
  54  tests/Feature/TaskTest.php:108

  â”€â”€â”€â”€â”€â”€â”€â”€â”€â”€â”€â”€â”€â”€â”€â”€â”€â”€â”€â”€â”€â”€â”€â”€â”€â”€â”€â”€â”€â”€â”€â”€â”€â”€â”€â”€â”€â”€â”€â”€â”€â”€â”€â”€â”€â”€â”€â”€â”€â”€â”€â”€â”€â”€â”€â”€â”€â”€â”€â”€â”€â”€â”€â”€â”€â”€â”€â”€â”€â”€â”€â”€â”€â”€â”€â”€  
   FAILED  Tests\Feature\TaskTest > task can be linked to orâ€¦  QueryException   
  SQLSTATE[23000]: Integrity constraint violation: 19 NOT NULL constraint failed: orders.cost (Connection: sqlite, SQL: insert into "orders" ("user_id", "client_id", "order_number", "status", "total_amount", "due_date", "notes", "created_at", "updated_at") values (1, 1, ORD-4040, completed, 4596.89, 2025-07-11 10:42:04, Veniam qui eligendi eum sit. Et mollitia doloribus fugiat inventore ut autem. Cupiditate itaque minima accusantium aliquam est quasi earum reprehenderit. Dolorum placeat nihil quod est., 2025-05-22 18:35:51, 2025-06-08 12:08:29))

  at vendor/laravel/framework/src/Illuminate/Database/Connection.php:822
    818â–•                     $this->getName(), $query, $this->prepareBindings($bindings), $e
    819â–•                 );
    820â–•             }
    821â–• 
  âžœ 822â–•             throw new QueryException(
    823â–•                 $this->getName(), $query, $this->prepareBindings($bindings), $e
    824â–•             );
    825â–•         }
    826â–•     }

      [2m+18 vendor frames [22m
  19  tests/Feature/TaskTest.php:122

  â”€â”€â”€â”€â”€â”€â”€â”€â”€â”€â”€â”€â”€â”€â”€â”€â”€â”€â”€â”€â”€â”€â”€â”€â”€â”€â”€â”€â”€â”€â”€â”€â”€â”€â”€â”€â”€â”€â”€â”€â”€â”€â”€â”€â”€â”€â”€â”€â”€â”€â”€â”€â”€â”€â”€â”€â”€â”€â”€â”€â”€â”€â”€â”€â”€â”€â”€â”€â”€â”€â”€â”€â”€â”€â”€â”€  
   FAILED  Tests\Feature\TaskTest > user cannot edit othersâ€¦   QueryException   
  SQLSTATE[23000]: Integrity constraint violation: 19 NOT NULL constraint failed: orders.cost (Connection: sqlite, SQL: insert into "orders" ("user_id", "client_id", "order_number", "status", "total_amount", "due_date", "notes", "created_at", "updated_at") values (4, 1, ORD-85236, pending, 2081.09, 2025-07-04 10:26:33, Doloremque fuga accusantium voluptatum adipisci ullam corporis consequatur. Expedita iusto ut est unde. Rerum error quod amet sint culpa nulla in., 2025-05-18 00:51:13, 2025-06-10 02:22:02))

  at vendor/laravel/framework/src/Illuminate/Database/Connection.php:822
    818â–•                     $this->getName(), $query, $this->prepareBindings($bindings), $e
    819â–•                 );
    820â–•             }
    821â–• 
  âžœ 822â–•             throw new QueryException(
    823â–•                 $this->getName(), $query, $this->prepareBindings($bindings), $e
    824â–•             );
    825â–•         }
    826â–•     }

      [2m+28 vendor frames [22m
  29  tests/Feature/TaskTest.php:149

  â”€â”€â”€â”€â”€â”€â”€â”€â”€â”€â”€â”€â”€â”€â”€â”€â”€â”€â”€â”€â”€â”€â”€â”€â”€â”€â”€â”€â”€â”€â”€â”€â”€â”€â”€â”€â”€â”€â”€â”€â”€â”€â”€â”€â”€â”€â”€â”€â”€â”€â”€â”€â”€â”€â”€â”€â”€â”€â”€â”€â”€â”€â”€â”€â”€â”€â”€â”€â”€â”€â”€â”€â”€â”€â”€â”€  
   FAILED  Tests\Feature\TeamTest > team members can be created                 
  Failed asserting that a row in the table [users] matches the attributes {
    "name": "Test Team Member",
    "email": "team@example.com",
    "phone": "1234567890",
    "position": "Designer",
    "role": "team_member",
    "notes": "Test team member notes"
}.

Found similar results: [
    {
        "name": "Test Team Member",
        "email": "team@example.com",
        "phone": null,
        "position": null,
        "role": "user",
        "notes": null
    }
].

  at tests/Feature/TeamTest.php:42
     38â–•             ->call('save');
     39â–• 
     40â–•         $response->assertHasNoErrors();
     41â–• 
  âžœ  42â–•         $this->assertDatabaseHas('users', [
     43â–•             'name' => 'Test Team Member',
     44â–•             'email' => 'team@example.com',
     45â–•             'phone' => '1234567890',
     46â–•             'position' => 'Designer',

  â”€â”€â”€â”€â”€â”€â”€â”€â”€â”€â”€â”€â”€â”€â”€â”€â”€â”€â”€â”€â”€â”€â”€â”€â”€â”€â”€â”€â”€â”€â”€â”€â”€â”€â”€â”€â”€â”€â”€â”€â”€â”€â”€â”€â”€â”€â”€â”€â”€â”€â”€â”€â”€â”€â”€â”€â”€â”€â”€â”€â”€â”€â”€â”€â”€â”€â”€â”€â”€â”€â”€â”€â”€â”€â”€â”€  
   FAILED  Tests\Feature\TeamTest > non admin cannot create admin users         
  Expected response status code [403] but received 200.
Failed asserting that 200 is identical to 403.

  at vendor/livewire/livewire/src/Features/SupportTesting/Testable.php:398
    394â–•         if (static::hasMacro($method)) {
    395â–•             return $this->macroCall($method, $params);
    396â–•         }
    397â–• 
  âžœ 398â–•         $this->lastState->getResponse()->{$method}(...$params);
    399â–• 
    400â–•         return $this;
    401â–•     }
    402â–• }

  1   tests/Feature/TeamTest.php:188


  Tests:    32 failed, 52 passed (172 assertions)
  Duration: 2.73s

